limbo.are
system2.are
utility.are
farstrid.are
templates.are
hero1.are
immort.are
players.are
minokeep.are
midgaard.are
rocroad.are
moribund.are
gigant.are
school.are
ethereal.are
asylum_grounds.are
hotel.are
enchant-eq.are
maze_of_icarus.are
isle.are
asylum_lower.are
microcosm.are
gnome.are
warcamp.are
farmlands.are
wood.are
crimson_mist.are
tirna.are
maharet.are
pubdun.are
confusn.are
graveyard.are
crimson_castle.are
pecortan.are
asylum_inside.are
ackschool.are
vecna_tomb.are
micro_mob_generator.are
garmaine.are
ceiling.are
$
